TN:
SF:src\application\factories\crypto.factory.ts
FN:4,create
FNF:1
FNH:1
FNDA:1,create
DA:1,1
DA:2,1
DA:3,1
DA:4,1
DA:5,1
DA:6,1
DA:7,1
DA:8,1
DA:9,0
DA:10,0
DA:11,1
DA:12,1
DA:13,1
LF:13
LH:11
BRDA:4,0,0,1
BRDA:8,1,0,0
BRF:2
BRH:1
end_of_record
TN:
SF:src\application\factories\user.repository.factory.ts
FN:4,create
FNF:1
FNH:1
FNDA:1,create
DA:1,1
DA:2,1
DA:3,1
DA:4,1
DA:5,1
DA:6,1
DA:7,1
LF:7
LH:7
BRDA:4,0,0,1
BRF:1
BRH:1
end_of_record
TN:
SF:src\application\services\user.service.ts
FN:12,<static_initializer>
FN:14,login
FN:31,createUser
FN:47,getUsers
FN:52,deleteUser
FN:65,update
FN:90,exist
FN:95,isValidField
FNF:8
FNH:4
FNDA:1,<static_initializer>
FNDA:2,login
FNDA:1,createUser
FNDA:0,getUsers
FNDA:0,deleteUser
FNDA:0,update
FNDA:0,exist
FNDA:3,isValidField
DA:1,1
DA:2,1
DA:3,1
DA:4,1
DA:5,1
DA:6,1
DA:7,1
DA:8,1
DA:9,1
DA:10,1
DA:11,1
DA:12,1
DA:13,1
DA:14,1
DA:15,2
DA:16,2
DA:17,2
DA:18,2
DA:19,2
DA:20,2
DA:21,2
DA:22,0
DA:23,0
DA:24,0
DA:25,0
DA:26,0
DA:27,0
DA:28,0
DA:29,0
DA:30,1
DA:31,1
DA:32,1
DA:33,1
DA:34,1
DA:35,1
DA:36,1
DA:37,1
DA:38,1
DA:39,1
DA:40,1
DA:41,1
DA:42,1
DA:43,1
DA:44,1
DA:45,1
DA:46,1
DA:47,1
DA:48,0
DA:49,0
DA:50,0
DA:51,1
DA:52,1
DA:53,0
DA:54,0
DA:55,0
DA:56,0
DA:57,0
DA:58,0
DA:59,0
DA:60,0
DA:61,0
DA:62,0
DA:63,0
DA:64,1
DA:65,1
DA:66,0
DA:67,0
DA:68,0
DA:69,0
DA:70,0
DA:71,0
DA:72,0
DA:73,0
DA:74,0
DA:75,0
DA:76,0
DA:77,0
DA:78,0
DA:79,0
DA:80,0
DA:81,0
DA:82,0
DA:83,0
DA:84,0
DA:85,0
DA:86,0
DA:87,0
DA:88,0
DA:89,1
DA:90,1
DA:91,0
DA:92,0
DA:93,0
DA:94,1
DA:95,1
DA:96,3
DA:97,1
DA:98,1
DA:99,2
DA:100,2
DA:101,1
LF:101
LH:53
BRDA:12,0,0,1
BRDA:14,1,0,2
BRDA:22,2,0,0
BRDA:31,3,0,1
BRDA:95,4,0,3
BRDA:96,5,0,1
BRDA:99,6,0,2
BRF:7
BRH:6
end_of_record
TN:
SF:src\domain\entity\User.ts
FN:4,<instance_members_initializer>
FNF:1
FNH:1
FNDA:1,<instance_members_initializer>
DA:1,1
DA:2,1
DA:3,1
DA:4,1
DA:5,1
DA:6,1
DA:7,1
DA:8,1
DA:9,1
DA:10,1
DA:11,1
DA:12,1
DA:13,1
DA:14,1
DA:15,1
DA:16,1
DA:17,1
DA:18,1
LF:18
LH:18
BRDA:4,0,0,1
BRF:1
BRH:1
end_of_record
TN:
SF:src\domain\errors\not-found-error.ts
FN:2,NotFoundException
FNF:1
FNH:0
FNDA:0,NotFoundException
DA:1,1
DA:2,1
DA:3,0
DA:4,0
DA:5,0
DA:6,1
LF:6
LH:3
BRF:0
BRH:0
end_of_record
TN:
SF:src\domain\errors\validation-error.ts
FN:2,ValidationException
FNF:1
FNH:1
FNDA:1,ValidationException
DA:1,1
DA:2,1
DA:3,1
DA:4,1
DA:5,1
DA:6,1
LF:6
LH:6
BRDA:2,0,0,1
BRF:1
BRH:1
end_of_record
TN:
SF:src\domain\repository\user.repository.ts
FN:8,createUser
FN:13,login
FN:21,getUsers
FN:26,deleteUser
FN:40,update
FN:45,exist
FNF:6
FNH:1
FNDA:0,createUser
FNDA:2,login
FNDA:0,getUsers
FNDA:0,deleteUser
FNDA:0,update
FNDA:0,exist
DA:1,1
DA:2,1
DA:3,1
DA:4,1
DA:5,1
DA:6,1
DA:7,1
DA:8,1
DA:9,0
DA:10,0
DA:11,0
DA:12,1
DA:13,1
DA:14,2
DA:15,2
DA:16,2
DA:17,2
DA:18,0
DA:19,0
DA:20,1
DA:21,1
DA:22,0
DA:23,0
DA:24,0
DA:25,1
DA:26,1
DA:27,0
DA:28,0
DA:29,0
DA:30,0
DA:31,0
DA:32,0
DA:33,0
DA:34,0
DA:35,0
DA:36,0
DA:37,0
DA:38,0
DA:39,1
DA:40,1
DA:41,0
DA:42,0
DA:43,0
DA:44,1
DA:45,1
DA:46,0
DA:47,0
DA:48,0
DA:49,0
DA:50,0
DA:51,0
DA:52,0
DA:53,0
DA:54,1
DA:55,1
LF:55
LH:24
BRDA:13,0,0,2
BRDA:18,1,0,0
BRF:2
BRH:1
end_of_record
TN:
SF:src\infrastructure\database\data-source.ts
FNF:0
FNH:0
DA:1,1
DA:2,1
DA:3,1
DA:4,1
DA:5,1
DA:6,1
DA:7,1
DA:8,1
DA:9,1
DA:10,1
DA:11,1
DA:12,1
DA:13,1
DA:14,1
DA:15,1
DA:16,1
DA:17,1
DA:18,1
DA:19,1
LF:19
LH:19
BRDA:10,0,0,0
BRF:1
BRH:0
end_of_record
TN:
SF:src\infrastructure\utils\crypto.util.ts
FN:7,<instance_members_initializer>
FN:11,CryptoUtil
FN:16,hash
FN:20,generateToken
FNF:4
FNH:3
FNDA:1,<instance_members_initializer>
FNDA:1,CryptoUtil
FNDA:2,hash
FNDA:0,generateToken
DA:1,1
DA:2,1
DA:3,1
DA:4,1
DA:5,1
DA:6,1
DA:7,1
DA:8,1
DA:9,1
DA:10,1
DA:11,1
DA:12,1
DA:13,1
DA:14,1
DA:15,1
DA:16,1
DA:17,2
DA:18,2
DA:19,1
DA:20,1
DA:21,0
DA:22,0
DA:23,0
DA:24,0
DA:25,0
DA:26,1
DA:27,1
LF:27
LH:22
BRDA:7,0,0,1
BRDA:11,1,0,1
BRDA:16,2,0,2
BRF:3
BRH:3
end_of_record
